0 info it worked if it ends with ok
1 verbose cli [ '/Users/danetomseth/.nvm/versions/node/v0.12.12/bin/node',
1 verbose cli   '/Users/danetomseth/.nvm/versions/node/v0.12.12/bin/npm',
1 verbose cli   'start' ]
2 info using npm@2.14.9
3 info using node@v0.12.12
4 verbose stack Error: missing script: start
4 verbose stack     at run (/Users/danetomseth/.nvm/versions/node/v0.12.12/lib/node_modules/npm/lib/run-script.js:142:19)
4 verbose stack     at /Users/danetomseth/.nvm/versions/node/v0.12.12/lib/node_modules/npm/lib/run-script.js:58:5
4 verbose stack     at /Users/danetomseth/.nvm/versions/node/v0.12.12/lib/node_modules/npm/node_modules/read-package-json/read-json.js:345:5
4 verbose stack     at checkBinReferences_ (/Users/danetomseth/.nvm/versions/node/v0.12.12/lib/node_modules/npm/node_modules/read-package-json/read-json.js:309:45)
4 verbose stack     at final (/Users/danetomseth/.nvm/versions/node/v0.12.12/lib/node_modules/npm/node_modules/read-package-json/read-json.js:343:3)
4 verbose stack     at then (/Users/danetomseth/.nvm/versions/node/v0.12.12/lib/node_modules/npm/node_modules/read-package-json/read-json.js:113:5)
4 verbose stack     at /Users/danetomseth/.nvm/versions/node/v0.12.12/lib/node_modules/npm/node_modules/read-package-json/read-json.js:284:20
4 verbose stack     at /Users/danetomseth/.nvm/versions/node/v0.12.12/lib/node_modules/npm/node_modules/graceful-fs/graceful-fs.js:76:16
4 verbose stack     at fs.js:263:20
4 verbose stack     at /Users/danetomseth/.nvm/versions/node/v0.12.12/lib/node_modules/npm/node_modules/graceful-fs/graceful-fs.js:230:16
5 verbose cwd /Users/danetomseth/Documents/Fullstack/Workshops/flash-cards/3-directives
6 error Darwin 15.3.0
7 error argv "/Users/danetomseth/.nvm/versions/node/v0.12.12/bin/node" "/Users/danetomseth/.nvm/versions/node/v0.12.12/bin/npm" "start"
8 error node v0.12.12
9 error npm  v2.14.9
10 error missing script: start
11 error If you need help, you may report this error at:
11 error     <https://github.com/npm/npm/issues>
12 verbose exit [ 1, true ]
